<?xml version="1.0" encoding="UTF-8"?>
<coverage generated="1674818063563" clover="3.2.0">
  <project timestamp="1674818063563" name="All files">
    <metrics statements="39" coveredstatements="35" conditionals="4" coveredconditionals="2" methods="12" coveredmethods="11" elements="55" coveredelements="48" complexity="0" loc="39" ncloc="39" packages="1" files="3" classes="3"/>
    <file name="functionality.js" path="C:\Users\sharks\Desktop\Thoth-Code-Ke\To_do_list\src\modules\functionality.js">
      <metrics statements="34" coveredstatements="30" conditionals="4" coveredconditionals="2" methods="9" coveredmethods="8"/>
      <line num="5" count="1" type="cond" truecount="1" falsecount="1"/>
      <line num="6" count="1" type="stmt"/>
      <line num="8" count="0" type="stmt"/>
      <line num="11" count="1" type="stmt"/>
      <line num="12" count="4" type="cond" truecount="1" falsecount="1"/>
      <line num="13" count="4" type="stmt"/>
      <line num="14" count="4" type="stmt"/>
      <line num="15" count="4" type="stmt"/>
      <line num="16" count="4" type="stmt"/>
      <line num="20" count="1" type="stmt"/>
      <line num="21" count="2" type="stmt"/>
      <line num="22" count="2" type="stmt"/>
      <line num="23" count="2" type="stmt"/>
      <line num="24" count="2" type="stmt"/>
      <line num="27" count="1" type="stmt"/>
      <line num="28" count="1" type="stmt"/>
      <line num="29" count="1" type="stmt"/>
      <line num="30" count="1" type="stmt"/>
      <line num="33" count="1" type="stmt"/>
      <line num="34" count="1" type="stmt"/>
      <line num="35" count="1" type="stmt"/>
      <line num="36" count="1" type="stmt"/>
      <line num="39" count="1" type="stmt"/>
      <line num="40" count="0" type="stmt"/>
      <line num="41" count="0" type="stmt"/>
      <line num="42" count="0" type="stmt"/>
      <line num="45" count="1" type="stmt"/>
      <line num="46" count="7" type="stmt"/>
      <line num="47" count="16" type="stmt"/>
      <line num="51" count="1" type="stmt"/>
      <line num="52" count="1" type="stmt"/>
      <line num="53" count="2" type="stmt"/>
      <line num="54" count="1" type="stmt"/>
      <line num="55" count="1" type="stmt"/>
    </file>
    <file name="localstorage.js" path="C:\Users\sharks\Desktop\Thoth-Code-Ke\To_do_list\src\modules\localstorage.js">
      <metrics statements="2" coveredstatements="2" conditionals="0" coveredconditionals="0" methods="2" coveredmethods="2"/>
      <line num="3" count="15" type="stmt"/>
      <line num="7" count="9" type="stmt"/>
    </file>
    <file name="work.js" path="C:\Users\sharks\Desktop\Thoth-Code-Ke\To_do_list\src\modules\work.js">
      <metrics statements="3" coveredstatements="3" conditionals="0" coveredconditionals="0" methods="1" coveredmethods="1"/>
      <line num="3" count="4" type="stmt"/>
      <line num="4" count="4" type="stmt"/>
      <line num="5" count="4" type="stmt"/>
    </file>
  </project>
</coverage>
