{"C:\\Users\\sharks\\Desktop\\Thoth-Code-Ke\\To_do_list\\src\\modules\\functionality.js": {"path":"C:\\Users\\sharks\\Desktop\\Thoth-Code-Ke\\To_do_list\\src\\modules\\functionality.js","statementMap":{"0":{"start":{"line":5,"column":0},"end":{"line":9,"column":1}},"1":{"start":{"line":6,"column":2},"end":{"line":6,"column":12}},"2":{"start":{"line":8,"column":2},"end":{"line":8,"column":32}},"3":{"start":{"line":12,"column":21},"end":{"line":19,"column":5}},"4":{"start":{"line":13,"column":6},"end":{"line":18,"column":7}},"5":{"start":{"line":14,"column":24},"end":{"line":14,"column":43}},"6":{"start":{"line":15,"column":8},"end":{"line":15,"column":27}},"7":{"start":{"line":16,"column":8},"end":{"line":16,"column":26}},"8":{"start":{"line":17,"column":8},"end":{"line":17,"column":36}},"9":{"start":{"line":21,"column":24},"end":{"line":26,"column":5}},"10":{"start":{"line":22,"column":6},"end":{"line":22,"column":36}},"11":{"start":{"line":23,"column":6},"end":{"line":23,"column":28}},"12":{"start":{"line":24,"column":6},"end":{"line":24,"column":24}},"13":{"start":{"line":25,"column":6},"end":{"line":25,"column":34}},"14":{"start":{"line":28,"column":22},"end":{"line":32,"column":5}},"15":{"start":{"line":29,"column":6},"end":{"line":29,"column":36}},"16":{"start":{"line":30,"column":6},"end":{"line":30,"column":47}},"17":{"start":{"line":31,"column":6},"end":{"line":31,"column":34}},"18":{"start":{"line":34,"column":22},"end":{"line":38,"column":5}},"19":{"start":{"line":35,"column":6},"end":{"line":35,"column":36}},"20":{"start":{"line":36,"column":6},"end":{"line":36,"column":35}},"21":{"start":{"line":37,"column":6},"end":{"line":37,"column":34}},"22":{"start":{"line":40,"column":24},"end":{"line":44,"column":5}},"23":{"start":{"line":41,"column":6},"end":{"line":41,"column":36}},"24":{"start":{"line":42,"column":6},"end":{"line":42,"column":36}},"25":{"start":{"line":43,"column":6},"end":{"line":43,"column":34}},"26":{"start":{"line":46,"column":24},"end":{"line":50,"column":5}},"27":{"start":{"line":47,"column":6},"end":{"line":49,"column":9}},"28":{"start":{"line":48,"column":8},"end":{"line":48,"column":28}},"29":{"start":{"line":52,"column":32},"end":{"line":57,"column":5}},"30":{"start":{"line":53,"column":6},"end":{"line":53,"column":36}},"31":{"start":{"line":54,"column":6},"end":{"line":54,"column":61}},"32":{"start":{"line":54,"column":35},"end":{"line":54,"column":59}},"33":{"start":{"line":55,"column":6},"end":{"line":55,"column":24}},"34":{"start":{"line":56,"column":6},"end":{"line":56,"column":34}}},"fnMap":{"0":{"name":"(anonymous_0)","decl":{"start":{"line":12,"column":21},"end":{"line":12,"column":22}},"loc":{"start":{"line":12,"column":36},"end":{"line":19,"column":5}},"line":12},"1":{"name":"(anonymous_1)","decl":{"start":{"line":21,"column":24},"end":{"line":21,"column":25}},"loc":{"start":{"line":21,"column":35},"end":{"line":26,"column":5}},"line":21},"2":{"name":"(anonymous_2)","decl":{"start":{"line":28,"column":22},"end":{"line":28,"column":23}},"loc":{"start":{"line":28,"column":49},"end":{"line":32,"column":5}},"line":28},"3":{"name":"(anonymous_3)","decl":{"start":{"line":34,"column":22},"end":{"line":34,"column":23}},"loc":{"start":{"line":34,"column":33},"end":{"line":38,"column":5}},"line":34},"4":{"name":"(anonymous_4)","decl":{"start":{"line":40,"column":24},"end":{"line":40,"column":25}},"loc":{"start":{"line":40,"column":35},"end":{"line":44,"column":5}},"line":40},"5":{"name":"(anonymous_5)","decl":{"start":{"line":46,"column":24},"end":{"line":46,"column":25}},"loc":{"start":{"line":46,"column":30},"end":{"line":50,"column":5}},"line":46},"6":{"name":"(anonymous_6)","decl":{"start":{"line":47,"column":19},"end":{"line":47,"column":20}},"loc":{"start":{"line":47,"column":37},"end":{"line":49,"column":7}},"line":47},"7":{"name":"(anonymous_7)","decl":{"start":{"line":52,"column":32},"end":{"line":52,"column":33}},"loc":{"start":{"line":52,"column":38},"end":{"line":57,"column":5}},"line":52},"8":{"name":"(anonymous_8)","decl":{"start":{"line":54,"column":25},"end":{"line":54,"column":26}},"loc":{"start":{"line":54,"column":35},"end":{"line":54,"column":59}},"line":54}},"branchMap":{"0":{"loc":{"start":{"line":5,"column":0},"end":{"line":9,"column":1}},"type":"if","locations":[{"start":{"line":5,"column":0},"end":{"line":9,"column":1}},{"start":{"line":7,"column":7},"end":{"line":9,"column":1}}],"line":5},"1":{"loc":{"start":{"line":13,"column":6},"end":{"line":18,"column":7}},"type":"if","locations":[{"start":{"line":13,"column":6},"end":{"line":18,"column":7}},{"start":{},"end":{}}],"line":13}},"s":{"0":1,"1":1,"2":0,"3":1,"4":1,"5":1,"6":1,"7":1,"8":1,"9":1,"10":1,"11":1,"12":1,"13":1,"14":1,"15":0,"16":0,"17":0,"18":1,"19":0,"20":0,"21":0,"22":1,"23":0,"24":0,"25":0,"26":1,"27":2,"28":1,"29":1,"30":0,"31":0,"32":0,"33":0,"34":0},"f":{"0":1,"1":1,"2":0,"3":0,"4":0,"5":2,"6":1,"7":0,"8":0},"b":{"0":[1,0],"1":[1,0]},"_coverageSchema":"1a1c01bbd47fc00a2c39e90264f33305004495a9","hash":"051f1fc05c2aa4aa2d1d065889abbeab81345314"}
,"C:\\Users\\sharks\\Desktop\\Thoth-Code-Ke\\To_do_list\\src\\modules\\localstorage.js": {"path":"C:\\Users\\sharks\\Desktop\\Thoth-Code-Ke\\To_do_list\\src\\modules\\localstorage.js","statementMap":{"0":{"start":{"line":3,"column":4},"end":{"line":3,"column":52}},"1":{"start":{"line":7,"column":4},"end":{"line":7,"column":55}}},"fnMap":{"0":{"name":"(anonymous_0)","decl":{"start":{"line":2,"column":2},"end":{"line":2,"column":3}},"loc":{"start":{"line":2,"column":19},"end":{"line":4,"column":3}},"line":2},"1":{"name":"(anonymous_1)","decl":{"start":{"line":6,"column":2},"end":{"line":6,"column":3}},"loc":{"start":{"line":6,"column":24},"end":{"line":8,"column":3}},"line":6}},"branchMap":{},"s":{"0":3,"1":2},"f":{"0":3,"1":2},"b":{},"_coverageSchema":"1a1c01bbd47fc00a2c39e90264f33305004495a9","hash":"25dc778191fcef400e91d070655b84eee6805d5d"}
,"C:\\Users\\sharks\\Desktop\\Thoth-Code-Ke\\To_do_list\\src\\modules\\work.js": {"path":"C:\\Users\\sharks\\Desktop\\Thoth-Code-Ke\\To_do_list\\src\\modules\\work.js","statementMap":{"0":{"start":{"line":3,"column":4},"end":{"line":3,"column":35}},"1":{"start":{"line":4,"column":4},"end":{"line":4,"column":27}},"2":{"start":{"line":5,"column":4},"end":{"line":5,"column":19}}},"fnMap":{"0":{"name":"(anonymous_0)","decl":{"start":{"line":2,"column":2},"end":{"line":2,"column":3}},"loc":{"start":{"line":2,"column":27},"end":{"line":6,"column":3}},"line":2}},"branchMap":{},"s":{"0":1,"1":1,"2":1},"f":{"0":1},"b":{},"_coverageSchema":"1a1c01bbd47fc00a2c39e90264f33305004495a9","hash":"a4e40eae0e0f971583637305c5273a36ea78e912"}
}
